
<dict>
	cocos2d.x.version: 2.2.1
	cocos2d.x.compiled_with_profiler: false
	cocos2d.x.compiled_with_gl_state_cache: true
	gl.vendor: NVIDIA Corporation
	gl.renderer: GeForce GT 630/PCIe/SSE2
	gl.version: 4.3.0
	gl.max_texture_size: 16384
	gl.max_texture_units: 192
	gl.supports_PVRTC: false
	gl.supports_NPOT: true
	gl.supports_BGRA8888: false
	gl.supports_discard_framebuffer: false
	gl.supports_vertex_array_object: true
</dict>
Get data from file(lib\framework_precompiled\framework_precompiled.zip) failed!
lua_loadChunksFromZIP() - not found or invalid zip file: lib\framework_precompiled\framework_precompiled.zip
------------------------------------------------
LOAD LUA FILE: scripts/main.lua
------------------------------------------------
Get data from file(scripts/main.lua) failed!
