E:\WORK\FIRSTPROJECT\PLISTCHANGE\PLISTCHANGE\DEBUG\PLISTCHANGE.PCH
E:\WORK\FIRSTPROJECT\PLISTCHANGE\PLISTCHANGE\DEBUG\STDAFX.OBJ
E:\WORK\FIRSTPROJECT\PLISTCHANGE\PLISTCHANGE\DEBUG\VC110.PDB
E:\WORK\FIRSTPROJECT\PLISTCHANGE\PLISTCHANGE\DEBUG\PLISTCHANGE.OBJ
E:\WORK\FIRSTPROJECT\PLISTCHANGE\DEBUG\PLISTCHANGE.ILK
E:\WORK\FIRSTPROJECT\PLISTCHANGE\DEBUG\PLISTCHANGE.EXE
E:\WORK\FIRSTPROJECT\PLISTCHANGE\DEBUG\PLISTCHANGE.PDB
E:\WORK\FIRSTPROJECT\PLISTCHANGE\PLISTCHANGE\DEBUG\PLISTCHANGE.RES
E:\work\firstProject\PlistChange\PlistChange\Debug\PlistChange.obj
E:\work\firstProject\PlistChange\PlistChange\Debug\stdafx.obj
E:\work\firstProject\PlistChange\PlistChange\Debug\cl.command.1.tlog
E:\work\firstProject\PlistChange\PlistChange\Debug\CL.read.1.tlog
E:\work\firstProject\PlistChange\PlistChange\Debug\CL.write.1.tlog
E:\work\firstProject\PlistChange\PlistChange\Debug\link-cvtres.read.1.tlog
E:\work\firstProject\PlistChange\PlistChange\Debug\link-cvtres.write.1.tlog
E:\work\firstProject\PlistChange\PlistChange\Debug\link-mt.read.1.tlog
E:\work\firstProject\PlistChange\PlistChange\Debug\link-mt.write.1.tlog
E:\work\firstProject\PlistChange\PlistChange\Debug\link-rc.read.1.tlog
E:\work\firstProject\PlistChange\PlistChange\Debug\link-rc.write.1.tlog
E:\work\firstProject\PlistChange\PlistChange\Debug\link.command.1.tlog
E:\work\firstProject\PlistChange\PlistChange\Debug\link.read.1.tlog
E:\work\firstProject\PlistChange\PlistChange\Debug\link.write.1.tlog
E:\work\firstProject\PlistChange\PlistChange\Debug\rc.command.1.tlog
E:\work\firstProject\PlistChange\PlistChange\Debug\rc.read.1.tlog
E:\work\firstProject\PlistChange\PlistChange\Debug\rc.write.1.tlog
E:\work\firstProject\PlistChange\PlistChange\Debug\PlistChange.res
E:\work\firstProject\PlistChange\PlistChange\Debug\PlistChange.pch
E:\work\firstProject\PlistChange\PlistChange\Debug\vc110.idb
E:\work\firstProject\PlistChange\PlistChange\Debug\vc110.pdb
E:\work\firstProject\PlistChange\Debug\PlistChange.pdb
E:\work\firstProject\PlistChange\Debug\PlistChange.exe
E:\work\firstProject\PlistChange\Debug\PlistChange.ilk
