生成启动时间为 2015-2-10 16:31:37。
     1>项目“E:\work\firstProject\PlistChange\PlistChange\PlistChange.vcxproj”在节点 2 上(Rebuild 个目标)。
     1>ClCompile:
         E:\IDE\vs2012\VC\bin\CL.exe /c /Zi /nologo /W3 /WX- /sdl /O2 /Oi /Oy- /GL /D WIN32 /D _WINDOWS /D NDEBUG /D _MBCS /D _AFXDLL /Gm- /EHsc /MD /GS /Gy /fp:precise /Zc:wchar_t /Zc:forScope /Yc"stdafx.h" /Fp"Release\PlistChange.pch" /Fo"Release\\" /Fd"Release\vc110.pdb" /Gd /TP /analyze- /errorReport:prompt stdafx.cpp
         stdafx.cpp
         E:\IDE\vs2012\VC\bin\CL.exe /c /Zi /nologo /W3 /WX- /sdl /O2 /Oi /Oy- /GL /D WIN32 /D _WINDOWS /D NDEBUG /D _MBCS /D _AFXDLL /Gm- /EHsc /MD /GS /Gy /fp:precise /Zc:wchar_t /Zc:forScope /Yu"stdafx.h" /Fp"Release\PlistChange.pch" /Fo"Release\\" /Fd"Release\vc110.pdb" /Gd /TP /analyze- /errorReport:prompt PlistChange.cpp PlistChangeDlg.cpp
         PlistChange.cpp
         PlistChangeDlg.cpp
       ResourceCompile:
         C:\Program Files (x86)\Windows Kits\8.0\bin\x86\rc.exe /D NDEBUG /D _AFXDLL /l"0x0804" /IRelease\ /nologo /fo"Release\PlistChange.res" PlistChange.rc 
       Link:
         E:\IDE\vs2012\VC\bin\link.exe /ERRORREPORT:PROMPT /OUT:"E:\work\firstProject\PlistChange\Release\PlistChange.exe" /INCREMENTAL:NO /NOLOGO /MANIFEST /MANIFESTUAC:"level='asInvoker' uiAccess='false'" /manifest:embed /manifestinput:E:\IDE\vs2012\VC\Include\Manifest\dpiaware.manifest /DEBUG /PDB:"E:\work\firstProject\PlistChange\Release\PlistChange.pdb" /SUBSYSTEM:WINDOWS /OPT:REF /OPT:ICF /LTCG /TLBID:1 /DYNAMICBASE /NXCOMPAT /IMPLIB:"E:\work\firstProject\PlistChange\Release\PlistChange.lib" /MACHINE:X86 /SAFESEH Release\PlistChange.res
         Release\PlistChange.obj
         Release\PlistChangeDlg.obj
         Release\stdafx.obj
         正在生成代码
         已完成代码的生成
         PlistChange.vcxproj -> E:\work\firstProject\PlistChange\Release\PlistChange.exe
     1>已完成生成项目“E:\work\firstProject\PlistChange\PlistChange\PlistChange.vcxproj”(Rebuild 个目标)的操作。

生成成功。

已用时间 00:00:04.43
